<?xml version="1.0" encoding="UTF-8"?>
<!-- Generated by org.testng.reporters.JUnitReportReporter -->
<testsuite hostname="DESKTOP-RNGQG4M" name="com.envision.test.tests.DemoTest" tests="1" failures="0" timestamp="30 May 2021 14:28:28 GMT" time="46.451" errors="0">
  <testcase name="loginScenario" time="46.451" classname="com.envision.test.tests.DemoTest"/>
</testsuite> <!-- com.envision.test.tests.DemoTest -->
