<?xml version="1.0" encoding="UTF-8"?>
<!-- Generated by org.testng.reporters.JUnitReportReporter -->
<testsuite hostname="DESKTOP-RNGQG4M" name="com.envision.test.tests.LoginTest" tests="1" failures="0" timestamp="6 Jun 2021 13:36:02 GMT" time="18.598" errors="0">
  <testcase name="loginScenario" time="18.598" classname="com.envision.test.tests.LoginTest"/>
</testsuite> <!-- com.envision.test.tests.LoginTest -->
